{"total": {"lines":{"total":821,"covered":102,"skipped":0,"pct":12.42},"statements":{"total":1416,"covered":110,"skipped":0,"pct":7.76},"functions":{"total":199,"covered":16,"skipped":0,"pct":8.04},"branches":{"total":629,"covered":31,"skipped":0,"pct":4.92},"branchesTrue":{"total":0,"covered":0,"skipped":0,"pct":100}}
,"/Users/rowan/clawd/projects/ai-collab-hub/apps/server/src/app.controller.d.ts": {"lines":{"total":0,"covered":0,"skipped":0,"pct":100},"functions":{"total":0,"covered":0,"skipped":0,"pct":100},"statements":{"total":0,"covered":0,"skipped":0,"pct":100},"branches":{"total":0,"covered":0,"skipped":0,"pct":100}}
,"/Users/rowan/clawd/projects/ai-collab-hub/apps/server/src/app.controller.ts": {"lines":{"total":4,"covered":0,"skipped":0,"pct":0},"functions":{"total":1,"covered":0,"skipped":0,"pct":0},"statements":{"total":6,"covered":0,"skipped":0,"pct":0},"branches":{"total":0,"covered":0,"skipped":0,"pct":100}}
,"/Users/rowan/clawd/projects/ai-collab-hub/apps/server/src/app.module.d.ts": {"lines":{"total":0,"covered":0,"skipped":0,"pct":100},"functions":{"total":0,"covered":0,"skipped":0,"pct":100},"statements":{"total":0,"covered":0,"skipped":0,"pct":100},"branches":{"total":0,"covered":0,"skipped":0,"pct":100}}
,"/Users/rowan/clawd/projects/ai-collab-hub/apps/server/src/main.d.ts": {"lines":{"total":0,"covered":0,"skipped":0,"pct":100},"functions":{"total":0,"covered":0,"skipped":0,"pct":100},"statements":{"total":0,"covered":0,"skipped":0,"pct":100},"branches":{"total":0,"covered":0,"skipped":0,"pct":100}}
,"/Users/rowan/clawd/projects/ai-collab-hub/apps/server/src/coverage/files/lcov-report/block-navigation.js": {"lines":{"total":30,"covered":0,"skipped":0,"pct":0},"functions":{"total":6,"covered":0,"skipped":0,"pct":0},"statements":{"total":30,"covered":0,"skipped":0,"pct":0},"branches":{"total":19,"covered":0,"skipped":0,"pct":0}}
,"/Users/rowan/clawd/projects/ai-collab-hub/apps/server/src/coverage/files/lcov-report/prettify.js": {"lines":{"total":1,"covered":0,"skipped":0,"pct":0},"functions":{"total":29,"covered":0,"skipped":0,"pct":0},"statements":{"total":536,"covered":0,"skipped":0,"pct":0},"branches":{"total":286,"covered":0,"skipped":0,"pct":0}}
,"/Users/rowan/clawd/projects/ai-collab-hub/apps/server/src/coverage/files/lcov-report/sorter.js": {"lines":{"total":94,"covered":0,"skipped":0,"pct":0},"functions":{"total":19,"covered":0,"skipped":0,"pct":0},"statements":{"total":95,"covered":0,"skipped":0,"pct":0},"branches":{"total":26,"covered":0,"skipped":0,"pct":0}}
,"/Users/rowan/clawd/projects/ai-collab-hub/apps/server/src/modules/agents/agents.controller.d.ts": {"lines":{"total":0,"covered":0,"skipped":0,"pct":100},"functions":{"total":0,"covered":0,"skipped":0,"pct":100},"statements":{"total":0,"covered":0,"skipped":0,"pct":100},"branches":{"total":0,"covered":0,"skipped":0,"pct":100}}
,"/Users/rowan/clawd/projects/ai-collab-hub/apps/server/src/modules/agents/agents.controller.spec.d.ts": {"lines":{"total":0,"covered":0,"skipped":0,"pct":100},"functions":{"total":0,"covered":0,"skipped":0,"pct":100},"statements":{"total":0,"covered":0,"skipped":0,"pct":100},"branches":{"total":0,"covered":0,"skipped":0,"pct":100}}
,"/Users/rowan/clawd/projects/ai-collab-hub/apps/server/src/modules/agents/agents.controller.ts": {"lines":{"total":19,"covered":0,"skipped":0,"pct":0},"functions":{"total":7,"covered":0,"skipped":0,"pct":0},"statements":{"total":21,"covered":0,"skipped":0,"pct":0},"branches":{"total":2,"covered":0,"skipped":0,"pct":0}}
,"/Users/rowan/clawd/projects/ai-collab-hub/apps/server/src/modules/agents/agents.module.d.ts": {"lines":{"total":0,"covered":0,"skipped":0,"pct":100},"functions":{"total":0,"covered":0,"skipped":0,"pct":100},"statements":{"total":0,"covered":0,"skipped":0,"pct":100},"branches":{"total":0,"covered":0,"skipped":0,"pct":100}}
,"/Users/rowan/clawd/projects/ai-collab-hub/apps/server/src/modules/agents/agents.service.d.ts": {"lines":{"total":0,"covered":0,"skipped":0,"pct":100},"functions":{"total":0,"covered":0,"skipped":0,"pct":100},"statements":{"total":0,"covered":0,"skipped":0,"pct":100},"branches":{"total":0,"covered":0,"skipped":0,"pct":100}}
,"/Users/rowan/clawd/projects/ai-collab-hub/apps/server/src/modules/agents/agents.service.spec.d.ts": {"lines":{"total":0,"covered":0,"skipped":0,"pct":100},"functions":{"total":0,"covered":0,"skipped":0,"pct":100},"statements":{"total":0,"covered":0,"skipped":0,"pct":100},"branches":{"total":0,"covered":0,"skipped":0,"pct":100}}
,"/Users/rowan/clawd/projects/ai-collab-hub/apps/server/src/modules/agents/agents.service.ts": {"lines":{"total":36,"covered":4,"skipped":0,"pct":11.11},"functions":{"total":9,"covered":0,"skipped":0,"pct":0},"statements":{"total":38,"covered":6,"skipped":0,"pct":15.78},"branches":{"total":14,"covered":0,"skipped":0,"pct":0}}
,"/Users/rowan/clawd/projects/ai-collab-hub/apps/server/src/modules/agents/dto/index.d.ts": {"lines":{"total":0,"covered":0,"skipped":0,"pct":100},"functions":{"total":0,"covered":0,"skipped":0,"pct":100},"statements":{"total":0,"covered":0,"skipped":0,"pct":100},"branches":{"total":0,"covered":0,"skipped":0,"pct":100}}
,"/Users/rowan/clawd/projects/ai-collab-hub/apps/server/src/modules/agents/dto/index.ts": {"lines":{"total":15,"covered":0,"skipped":0,"pct":0},"functions":{"total":0,"covered":0,"skipped":0,"pct":100},"statements":{"total":15,"covered":0,"skipped":0,"pct":0},"branches":{"total":0,"covered":0,"skipped":0,"pct":100}}
,"/Users/rowan/clawd/projects/ai-collab-hub/apps/server/src/modules/auth/decorators/agent.decorator.d.ts": {"lines":{"total":0,"covered":0,"skipped":0,"pct":100},"functions":{"total":0,"covered":0,"skipped":0,"pct":100},"statements":{"total":0,"covered":0,"skipped":0,"pct":100},"branches":{"total":0,"covered":0,"skipped":0,"pct":100}}
,"/Users/rowan/clawd/projects/ai-collab-hub/apps/server/src/modules/auth/guards/agent-auth.guard.d.ts": {"lines":{"total":0,"covered":0,"skipped":0,"pct":100},"functions":{"total":0,"covered":0,"skipped":0,"pct":100},"statements":{"total":0,"covered":0,"skipped":0,"pct":100},"branches":{"total":0,"covered":0,"skipped":0,"pct":100}}
,"/Users/rowan/clawd/projects/ai-collab-hub/apps/server/src/modules/auth/guards/agent-auth.guard.spec.d.ts": {"lines":{"total":0,"covered":0,"skipped":0,"pct":100},"functions":{"total":0,"covered":0,"skipped":0,"pct":100},"statements":{"total":0,"covered":0,"skipped":0,"pct":100},"branches":{"total":0,"covered":0,"skipped":0,"pct":100}}
,"/Users/rowan/clawd/projects/ai-collab-hub/apps/server/src/modules/common/prisma/prisma.module.d.ts": {"lines":{"total":0,"covered":0,"skipped":0,"pct":100},"functions":{"total":0,"covered":0,"skipped":0,"pct":100},"statements":{"total":0,"covered":0,"skipped":0,"pct":100},"branches":{"total":0,"covered":0,"skipped":0,"pct":100}}
,"/Users/rowan/clawd/projects/ai-collab-hub/apps/server/src/modules/common/prisma/prisma.service.d.ts": {"lines":{"total":0,"covered":0,"skipped":0,"pct":100},"functions":{"total":0,"covered":0,"skipped":0,"pct":100},"statements":{"total":0,"covered":0,"skipped":0,"pct":100},"branches":{"total":0,"covered":0,"skipped":0,"pct":100}}
,"/Users/rowan/clawd/projects/ai-collab-hub/apps/server/src/modules/common/prisma/prisma.service.ts": {"lines":{"total":6,"covered":3,"skipped":0,"pct":50},"functions":{"total":3,"covered":0,"skipped":0,"pct":0},"statements":{"total":8,"covered":5,"skipped":0,"pct":62.5},"branches":{"total":2,"covered":0,"skipped":0,"pct":0}}
,"/Users/rowan/clawd/projects/ai-collab-hub/apps/server/src/modules/credits/credits.controller.ts": {"lines":{"total":17,"covered":0,"skipped":0,"pct":0},"functions":{"total":6,"covered":0,"skipped":0,"pct":0},"statements":{"total":19,"covered":0,"skipped":0,"pct":0},"branches":{"total":0,"covered":0,"skipped":0,"pct":100}}
,"/Users/rowan/clawd/projects/ai-collab-hub/apps/server/src/modules/credits/credits.service.ts": {"lines":{"total":69,"covered":0,"skipped":0,"pct":0},"functions":{"total":11,"covered":0,"skipped":0,"pct":0},"statements":{"total":71,"covered":0,"skipped":0,"pct":0},"branches":{"total":30,"covered":0,"skipped":0,"pct":0}}
,"/Users/rowan/clawd/projects/ai-collab-hub/apps/server/src/modules/files/files.controller.ts": {"lines":{"total":31,"covered":0,"skipped":0,"pct":0},"functions":{"total":8,"covered":0,"skipped":0,"pct":0},"statements":{"total":33,"covered":0,"skipped":0,"pct":0},"branches":{"total":5,"covered":0,"skipped":0,"pct":0}}
,"/Users/rowan/clawd/projects/ai-collab-hub/apps/server/src/modules/files/files.service.ts": {"lines":{"total":38,"covered":0,"skipped":0,"pct":0},"functions":{"total":7,"covered":0,"skipped":0,"pct":0},"statements":{"total":40,"covered":0,"skipped":0,"pct":0},"branches":{"total":16,"covered":0,"skipped":0,"pct":0}}
,"/Users/rowan/clawd/projects/ai-collab-hub/apps/server/src/modules/tasks/pricing.service.ts": {"lines":{"total":116,"covered":0,"skipped":0,"pct":0},"functions":{"total":29,"covered":0,"skipped":0,"pct":0},"statements":{"total":142,"covered":0,"skipped":0,"pct":0},"branches":{"total":68,"covered":0,"skipped":0,"pct":0}}
,"/Users/rowan/clawd/projects/ai-collab-hub/apps/server/src/modules/tasks/subtasks.service.ts": {"lines":{"total":83,"covered":0,"skipped":0,"pct":0},"functions":{"total":12,"covered":0,"skipped":0,"pct":0},"statements":{"total":88,"covered":0,"skipped":0,"pct":0},"branches":{"total":48,"covered":0,"skipped":0,"pct":0}}
,"/Users/rowan/clawd/projects/ai-collab-hub/apps/server/src/modules/tasks/tasks.controller.d.ts": {"lines":{"total":0,"covered":0,"skipped":0,"pct":100},"functions":{"total":0,"covered":0,"skipped":0,"pct":100},"statements":{"total":0,"covered":0,"skipped":0,"pct":100},"branches":{"total":0,"covered":0,"skipped":0,"pct":100}}
,"/Users/rowan/clawd/projects/ai-collab-hub/apps/server/src/modules/tasks/tasks.controller.spec.d.ts": {"lines":{"total":0,"covered":0,"skipped":0,"pct":100},"functions":{"total":0,"covered":0,"skipped":0,"pct":100},"statements":{"total":0,"covered":0,"skipped":0,"pct":100},"branches":{"total":0,"covered":0,"skipped":0,"pct":100}}
,"/Users/rowan/clawd/projects/ai-collab-hub/apps/server/src/modules/tasks/tasks.controller.ts": {"lines":{"total":43,"covered":0,"skipped":0,"pct":0},"functions":{"total":17,"covered":0,"skipped":0,"pct":0},"statements":{"total":45,"covered":0,"skipped":0,"pct":0},"branches":{"total":2,"covered":0,"skipped":0,"pct":0}}
,"/Users/rowan/clawd/projects/ai-collab-hub/apps/server/src/modules/tasks/tasks.module.d.ts": {"lines":{"total":0,"covered":0,"skipped":0,"pct":100},"functions":{"total":0,"covered":0,"skipped":0,"pct":100},"statements":{"total":0,"covered":0,"skipped":0,"pct":100},"branches":{"total":0,"covered":0,"skipped":0,"pct":100}}
,"/Users/rowan/clawd/projects/ai-collab-hub/apps/server/src/modules/tasks/tasks.service.d.ts": {"lines":{"total":0,"covered":0,"skipped":0,"pct":100},"functions":{"total":0,"covered":0,"skipped":0,"pct":100},"statements":{"total":0,"covered":0,"skipped":0,"pct":100},"branches":{"total":0,"covered":0,"skipped":0,"pct":100}}
,"/Users/rowan/clawd/projects/ai-collab-hub/apps/server/src/modules/tasks/tasks.service.spec.d.ts": {"lines":{"total":0,"covered":0,"skipped":0,"pct":100},"functions":{"total":0,"covered":0,"skipped":0,"pct":100},"statements":{"total":0,"covered":0,"skipped":0,"pct":100},"branches":{"total":0,"covered":0,"skipped":0,"pct":100}}
,"/Users/rowan/clawd/projects/ai-collab-hub/apps/server/src/modules/tasks/tasks.service.ts": {"lines":{"total":84,"covered":0,"skipped":0,"pct":0},"functions":{"total":16,"covered":0,"skipped":0,"pct":0},"statements":{"total":87,"covered":0,"skipped":0,"pct":0},"branches":{"total":79,"covered":0,"skipped":0,"pct":0}}
,"/Users/rowan/clawd/projects/ai-collab-hub/apps/server/src/modules/tasks/dto/index.d.ts": {"lines":{"total":0,"covered":0,"skipped":0,"pct":100},"functions":{"total":0,"covered":0,"skipped":0,"pct":100},"statements":{"total":0,"covered":0,"skipped":0,"pct":100},"branches":{"total":0,"covered":0,"skipped":0,"pct":100}}
,"/Users/rowan/clawd/projects/ai-collab-hub/apps/server/src/modules/tasks/dto/index.ts": {"lines":{"total":39,"covered":0,"skipped":0,"pct":0},"functions":{"total":0,"covered":0,"skipped":0,"pct":100},"statements":{"total":39,"covered":0,"skipped":0,"pct":0},"branches":{"total":0,"covered":0,"skipped":0,"pct":100}}
,"/Users/rowan/clawd/projects/ai-collab-hub/apps/server/src/modules/teams/teams.controller.ts": {"lines":{"total":19,"covered":19,"skipped":0,"pct":100},"functions":{"total":7,"covered":7,"skipped":0,"pct":100},"statements":{"total":21,"covered":21,"skipped":0,"pct":100},"branches":{"total":0,"covered":0,"skipped":0,"pct":100}}
,"/Users/rowan/clawd/projects/ai-collab-hub/apps/server/src/modules/teams/teams.service.ts": {"lines":{"total":68,"covered":67,"skipped":0,"pct":98.52},"functions":{"total":9,"covered":9,"skipped":0,"pct":100},"statements":{"total":70,"covered":69,"skipped":0,"pct":98.57},"branches":{"total":32,"covered":31,"skipped":0,"pct":96.87}}
,"/Users/rowan/clawd/projects/ai-collab-hub/apps/server/src/modules/teams/dto/index.ts": {"lines":{"total":9,"covered":9,"skipped":0,"pct":100},"functions":{"total":3,"covered":0,"skipped":0,"pct":0},"statements":{"total":12,"covered":9,"skipped":0,"pct":75},"branches":{"total":0,"covered":0,"skipped":0,"pct":100}}
,"/Users/rowan/clawd/projects/ai-collab-hub/apps/server/src/modules/websocket/websocket.gateway.d.ts": {"lines":{"total":0,"covered":0,"skipped":0,"pct":100},"functions":{"total":0,"covered":0,"skipped":0,"pct":100},"statements":{"total":0,"covered":0,"skipped":0,"pct":100},"branches":{"total":0,"covered":0,"skipped":0,"pct":100}}
,"/Users/rowan/clawd/projects/ai-collab-hub/apps/server/src/modules/websocket/websocket.gateway.spec.d.ts": {"lines":{"total":0,"covered":0,"skipped":0,"pct":100},"functions":{"total":0,"covered":0,"skipped":0,"pct":100},"statements":{"total":0,"covered":0,"skipped":0,"pct":100},"branches":{"total":0,"covered":0,"skipped":0,"pct":100}}
,"/Users/rowan/clawd/projects/ai-collab-hub/apps/server/src/modules/websocket/websocket.module.d.ts": {"lines":{"total":0,"covered":0,"skipped":0,"pct":100},"functions":{"total":0,"covered":0,"skipped":0,"pct":100},"statements":{"total":0,"covered":0,"skipped":0,"pct":100},"branches":{"total":0,"covered":0,"skipped":0,"pct":100}}
}
